* using log directory ‘/Users/anttonalberdi/Github/mttk/..Rcheck’
* using R version 4.3.3 (2024-02-29)
* using platform: aarch64-apple-darwin20 (64-bit)
* R was compiled by
    Apple clang version 14.0.0 (clang-1400.0.29.202)
    GNU Fortran (GCC) 12.2.0
* running under: macOS 15.6.1
* using session charset: UTF-8
* using option ‘--no-manual’
* checking for file ‘./DESCRIPTION’ ... OK
* this is package ‘MTTK’ version ‘0.99.0’
* package encoding: UTF-8
* checking package namespace information ... OK
* checking package dependencies ... NOTE
Package suggested but not available for checking: ‘BiocStyle’
* checking if this is a source package ... OK
* checking if there is a namespace ... OK
* checking for executable files ... OK
* checking for hidden files and directories ... NOTE
Found the following hidden files and directories:
  ..Rcheck
  .git
These were most likely included in error. See section ‘Package
structure’ in the ‘Writing R Extensions’ manual.
* checking for portable file names ... OK
* checking for sufficient/correct file permissions ... OK
* checking whether package ‘MTTK’ can be installed ... OK
* checking installed package size ... OK
* checking package directory ... OK
* checking DESCRIPTION meta-information ... NOTE
Checking should be performed on sources prepared by ‘R CMD build’.
* checking top-level files ... OK
* checking for left-over files ... OK
* checking index information ... OK
* checking package subdirectories ... WARNING
Found the following directory with the name of a check directory:
  ./..Rcheck
Most likely, these were included erroneously.
Subdirectory ‘inst’ contains no files.
* checking R files for non-ASCII characters ... OK
* checking R files for syntax errors ... OK
* checking whether the package can be loaded ... OK
* checking whether the package can be loaded with stated dependencies ... OK
* checking whether the package can be unloaded cleanly ... OK
* checking whether the namespace can be loaded with stated dependencies ... OK
* checking whether the namespace can be unloaded cleanly ... OK
* checking loading without being on the library search path ... OK
* checking dependencies in R code ... OK
* checking S3 generic/method consistency ... OK
* checking replacement functions ... OK
* checking foreign function calls ... OK
* checking R code for possible problems ... OK
* checking Rd files ... OK
* checking Rd metadata ... WARNING
Rd files with duplicated name 'MTTKExperiment':
  ‘MTTKExperiment-class.Rd’ ‘MTTKExperiment.Rd’
Rd files with duplicated alias 'MTTKExperiment':
  ‘MTTKExperiment-class.Rd’ ‘MTTKExperiment.Rd’
* checking Rd cross-references ... OK
* checking for missing documentation entries ... WARNING
Undocumented code objects:
  ‘activeHierarchies’ ‘activeHierarchies<-’ ‘dnaCounts’ ‘dnaCounts<-’
  ‘genomeData’ ‘genomeData<-’ ‘links’ ‘links<-’ ‘rnaCounts’
  ‘rnaCounts<-’
All user-level objects in a package should have documentation entries.
See chapter ‘Writing R documentation files’ in the ‘Writing R
Extensions’ manual.
* checking for code/documentation mismatches ... OK
* checking Rd \usage sections ... OK
* checking Rd contents ... OK
* checking for unstated dependencies in examples ... OK
* checking contents of ‘data’ directory ... OK
* checking data for non-ASCII characters ... OK
* checking data for ASCII and uncompressed saves ... OK
* checking files in ‘vignettes’ ... WARNING
Files in the 'vignettes' directory but no files in 'inst/doc':
  ‘MTTKExperiment-overview.Rmd’
* checking examples ... OK
* checking for unstated dependencies in ‘tests’ ... OK
* checking tests ... ERROR
  Running ‘testthat.R’
Running the tests in ‘tests/testthat.R’ failed.
Last 13 lines of output:
  ══ Failed tests ════════════════════════════════════════════════════════════════
  ── Failure ('test-MTTKExperiment-accessors.R:53:5'): assay convenience accessors follow the named assay convention ──
  rownames(rnaCounts(x, withDimnames = FALSE)) is not NULL
  
  `actual` is a character vector ('gene_1', 'gene_2')
  `expected` is NULL
  ── Failure ('test-MTTKExperiment-accessors.R:54:5'): assay convenience accessors follow the named assay convention ──
  colnames(rnaCounts(x, withDimnames = FALSE)) is not NULL
  
  `actual` is a character vector ('sample_1', 'sample_2', 'sample_3')
  `expected` is NULL
  
  [ FAIL 2 | WARN 64 | SKIP 0 | PASS 56 ]
  Error: Test failures
  Execution halted
* checking for unstated dependencies in vignettes ... OK
* checking package vignettes in ‘inst/doc’ ... WARNING
Directory 'inst/doc' does not exist.
Package vignette without corresponding single PDF/HTML:
  ‘MTTKExperiment-overview.Rmd’
* checking running R code from vignettes ... OK
  ‘MTTKExperiment-overview.Rmd’ using ‘UTF-8’... OK
* checking re-building of vignette outputs ... OK
* DONE
Status: 1 ERROR, 5 WARNINGs, 3 NOTEs
